c:\users\joshua\dropbox\my documents\uni work\second year\computers and programming ii\lab 2\maze\maze\debug\maze.obj
c:\users\joshua\dropbox\my documents\uni work\second year\computers and programming ii\lab 2\maze\maze\debug\vc110.pdb
c:\users\joshua\dropbox\my documents\uni work\second year\computers and programming ii\lab 2\maze\debug\maze.ilk
c:\users\joshua\dropbox\my documents\uni work\second year\computers and programming ii\lab 2\maze\debug\maze.exe
c:\users\joshua\dropbox\my documents\uni work\second year\computers and programming ii\lab 2\maze\debug\maze.pdb
c:\users\joshua\dropbox\my documents\uni work\second year\computers and programming ii\maze-solve\src\maze\debug\vc120.pdb
c:\users\joshua\dropbox\my documents\uni work\second year\computers and programming ii\maze-solve\src\maze\debug\vc120.idb
c:\users\joshua\dropbox\my documents\uni work\second year\computers and programming ii\maze-solve\src\maze\debug\maze.obj
c:\users\joshua\dropbox\my documents\uni work\second year\computers and programming ii\maze-solve\src\debug\maze.ilk
c:\users\joshua\dropbox\my documents\uni work\second year\computers and programming ii\maze-solve\src\debug\maze.exe
c:\users\joshua\dropbox\my documents\uni work\second year\computers and programming ii\maze-solve\src\debug\maze.pdb
c:\users\joshua\dropbox\my documents\uni work\second year\computers and programming ii\maze-solve\src\maze\debug\cl.command.1.tlog
c:\users\joshua\dropbox\my documents\uni work\second year\computers and programming ii\maze-solve\src\maze\debug\cl.read.1.tlog
c:\users\joshua\dropbox\my documents\uni work\second year\computers and programming ii\maze-solve\src\maze\debug\cl.write.1.tlog
c:\users\joshua\dropbox\my documents\uni work\second year\computers and programming ii\maze-solve\src\maze\debug\link-cvtres.read.1.tlog
c:\users\joshua\dropbox\my documents\uni work\second year\computers and programming ii\maze-solve\src\maze\debug\link-cvtres.write.1.tlog
c:\users\joshua\dropbox\my documents\uni work\second year\computers and programming ii\maze-solve\src\maze\debug\link-rc.read.1.tlog
c:\users\joshua\dropbox\my documents\uni work\second year\computers and programming ii\maze-solve\src\maze\debug\link-rc.write.1.tlog
c:\users\joshua\dropbox\my documents\uni work\second year\computers and programming ii\maze-solve\src\maze\debug\link.12276-cvtres.read.1.tlog
c:\users\joshua\dropbox\my documents\uni work\second year\computers and programming ii\maze-solve\src\maze\debug\link.12276-cvtres.write.1.tlog
c:\users\joshua\dropbox\my documents\uni work\second year\computers and programming ii\maze-solve\src\maze\debug\link.12276-rc.read.1.tlog
c:\users\joshua\dropbox\my documents\uni work\second year\computers and programming ii\maze-solve\src\maze\debug\link.12276-rc.write.1.tlog
c:\users\joshua\dropbox\my documents\uni work\second year\computers and programming ii\maze-solve\src\maze\debug\link.12276.read.1.tlog
c:\users\joshua\dropbox\my documents\uni work\second year\computers and programming ii\maze-solve\src\maze\debug\link.12276.write.1.tlog
c:\users\joshua\dropbox\my documents\uni work\second year\computers and programming ii\maze-solve\src\maze\debug\link.8152-cvtres.read.1.tlog
c:\users\joshua\dropbox\my documents\uni work\second year\computers and programming ii\maze-solve\src\maze\debug\link.8152-cvtres.write.1.tlog
c:\users\joshua\dropbox\my documents\uni work\second year\computers and programming ii\maze-solve\src\maze\debug\link.8152-rc.read.1.tlog
c:\users\joshua\dropbox\my documents\uni work\second year\computers and programming ii\maze-solve\src\maze\debug\link.8152-rc.write.1.tlog
c:\users\joshua\dropbox\my documents\uni work\second year\computers and programming ii\maze-solve\src\maze\debug\link.8152.read.1.tlog
c:\users\joshua\dropbox\my documents\uni work\second year\computers and programming ii\maze-solve\src\maze\debug\link.8152.write.1.tlog
c:\users\joshua\dropbox\my documents\uni work\second year\computers and programming ii\maze-solve\src\maze\debug\link.8720-cvtres.read.1.tlog
c:\users\joshua\dropbox\my documents\uni work\second year\computers and programming ii\maze-solve\src\maze\debug\link.8720-cvtres.write.1.tlog
c:\users\joshua\dropbox\my documents\uni work\second year\computers and programming ii\maze-solve\src\maze\debug\link.8720-rc.read.1.tlog
c:\users\joshua\dropbox\my documents\uni work\second year\computers and programming ii\maze-solve\src\maze\debug\link.8720-rc.write.1.tlog
c:\users\joshua\dropbox\my documents\uni work\second year\computers and programming ii\maze-solve\src\maze\debug\link.8720.read.1.tlog
c:\users\joshua\dropbox\my documents\uni work\second year\computers and programming ii\maze-solve\src\maze\debug\link.8720.write.1.tlog
c:\users\joshua\dropbox\my documents\uni work\second year\computers and programming ii\maze-solve\src\maze\debug\link.9324-cvtres.read.1.tlog
c:\users\joshua\dropbox\my documents\uni work\second year\computers and programming ii\maze-solve\src\maze\debug\link.9324-cvtres.write.1.tlog
c:\users\joshua\dropbox\my documents\uni work\second year\computers and programming ii\maze-solve\src\maze\debug\link.9324-rc.read.1.tlog
c:\users\joshua\dropbox\my documents\uni work\second year\computers and programming ii\maze-solve\src\maze\debug\link.9324-rc.write.1.tlog
c:\users\joshua\dropbox\my documents\uni work\second year\computers and programming ii\maze-solve\src\maze\debug\link.9324.read.1.tlog
c:\users\joshua\dropbox\my documents\uni work\second year\computers and programming ii\maze-solve\src\maze\debug\link.9324.write.1.tlog
c:\users\joshua\dropbox\my documents\uni work\second year\computers and programming ii\maze-solve\src\maze\debug\link.9588-cvtres.read.1.tlog
c:\users\joshua\dropbox\my documents\uni work\second year\computers and programming ii\maze-solve\src\maze\debug\link.9588-cvtres.write.1.tlog
c:\users\joshua\dropbox\my documents\uni work\second year\computers and programming ii\maze-solve\src\maze\debug\link.9588-rc.read.1.tlog
c:\users\joshua\dropbox\my documents\uni work\second year\computers and programming ii\maze-solve\src\maze\debug\link.9588-rc.write.1.tlog
c:\users\joshua\dropbox\my documents\uni work\second year\computers and programming ii\maze-solve\src\maze\debug\link.9588.read.1.tlog
c:\users\joshua\dropbox\my documents\uni work\second year\computers and programming ii\maze-solve\src\maze\debug\link.9588.write.1.tlog
c:\users\joshua\dropbox\my documents\uni work\second year\computers and programming ii\maze-solve\src\maze\debug\link.command.1.tlog
c:\users\joshua\dropbox\my documents\uni work\second year\computers and programming ii\maze-solve\src\maze\debug\link.read.1.tlog
c:\users\joshua\dropbox\my documents\uni work\second year\computers and programming ii\maze-solve\src\maze\debug\link.write.1.tlog
c:\users\joshua\dropbox\my documents\uni work\second year\computers and programming ii\maze-solve\src\maze\debug\vc110.idb
c:\users\joshua\dropbox\my documents\uni work\second year\computers and programming ii\maze-solve\src\maze\debug\vc110.pdb
c:\users\joshua\dropbox\my documents\uni work\second year\computers and programming ii\maze-solve\src\maze\debug\maze.tlog\cl.command.1.tlog
c:\users\joshua\dropbox\my documents\uni work\second year\computers and programming ii\maze-solve\src\maze\debug\maze.tlog\cl.read.1.tlog
c:\users\joshua\dropbox\my documents\uni work\second year\computers and programming ii\maze-solve\src\maze\debug\maze.tlog\cl.write.1.tlog
c:\users\joshua\dropbox\my documents\uni work\second year\computers and programming ii\maze-solve\src\maze\debug\maze.tlog\link.command.1.tlog
c:\users\joshua\dropbox\my documents\uni work\second year\computers and programming ii\maze-solve\src\maze\debug\maze.tlog\link.read.1.tlog
c:\users\joshua\dropbox\my documents\uni work\second year\computers and programming ii\maze-solve\src\maze\debug\maze.tlog\link.write.1.tlog
